example/build/app/intermediates/manifest_merge_blame_file/debug/manifest-merger-blame-debug-report.txt
1<?xml version="1.0" encoding="utf-8"?>
2<manifest xmlns:android="http://schemas.android.com/apk/res/android"
3    package="io.flutter.plugins.webviewflutterexample"
4    android:versionCode="1"
5    android:versionName="1.0" >
6    <!--
7 The INTERNET permission is required for development. Specifically,
8         flutter needs it to communicate with the running application
9         to allow setting breakpoints, to provide hot reload, etc.
10    -->
11    <uses-sdk
12        android:minSdkVersion="21"
12-->src/main/AndroidManifest.xml
13        android:targetSdkVersion="31" />
13-->src/main/AndroidManifest.xml
14
15    <uses-permission android:name="android.permission.READ_EXTERNAL_STORAGE" />
15-->src/main/AndroidManifest.xml:4:5-80
15-->src/main/AndroidManifest.xml:4:22-77
16    <uses-permission android:name="android.permission.WRITE_EXTERNAL_STORAGE" />
16-->src/main/AndroidManifest.xml:5:5-81
16-->src/main/AndroidManifest.xml:5:22-78
17    <uses-permission android:name="android.permission.CAMERA" />
17-->src/main/AndroidManifest.xml:6:5-65
17-->src/main/AndroidManifest.xml:6:22-62
18    <uses-permission android:name="android.permission.ACCESS_NETWORK_STATE" />
18-->src/main/AndroidManifest.xml:7:5-79
18-->src/main/AndroidManifest.xml:7:22-76
19    <uses-permission android:name="android.permission.ACCESS_WIFI_STATE" />
19-->src/main/AndroidManifest.xml:8:5-76
19-->src/main/AndroidManifest.xml:8:22-73
20    <uses-permission android:name="android.permission.INTERNET" />
20-->src/main/AndroidManifest.xml:9:5-67
20-->src/main/AndroidManifest.xml:9:22-64
21    <!--
22     io.flutter.app.FlutterApplication is an android.app.Application that
23         calls FlutterMain.startInitialization(this); in its onCreate method.
24         In most cases you can leave this as-is, but you if you want to provide
25         additional functionality it is fine to subclass or reimplement
26         FlutterApplication and put your custom class here.
27    -->
28    <application
28-->src/main/AndroidManifest.xml:16:5-44:21
29        android:name="io.flutter.app.FlutterApplication"
29-->src/main/AndroidManifest.xml:17:9-57
30        android:appComponentFactory="androidx.core.app.CoreComponentFactory"
30-->[androidx.core:core:1.6.0] AndroidManifest.xml:24:18-86
31        android:debuggable="true"
32        android:icon="@mipmap/ic_launcher"
32-->src/main/AndroidManifest.xml:18:9-43
33        android:label="webview_flutter_example"
33-->src/main/AndroidManifest.xml:19:9-48
34        android:networkSecurityConfig="@xml/network_security_config"
34-->src/main/AndroidManifest.xml:20:9-69
35        android:testOnly="true" >
36        <meta-data
36-->src/main/AndroidManifest.xml:21:9-23:33
37            android:name="flutterEmbedding"
37-->src/main/AndroidManifest.xml:22:13-44
38            android:value="2" />
38-->src/main/AndroidManifest.xml:23:13-30
39
40        <activity
40-->src/main/AndroidManifest.xml:25:9-43:20
41            android:name="io.flutter.embedding.android.FlutterActivity"
41-->src/main/AndroidManifest.xml:29:13-72
42            android:configChanges="orientation|keyboardHidden|keyboard|screenSize|locale|layoutDirection|fontScale|screenLayout|density|uiMode"
42-->src/main/AndroidManifest.xml:26:13-144
43            android:hardwareAccelerated="true"
43-->src/main/AndroidManifest.xml:27:13-47
44            android:launchMode="singleTop"
44-->src/main/AndroidManifest.xml:28:13-43
45            android:theme="@style/LaunchTheme"
45-->src/main/AndroidManifest.xml:30:13-47
46            android:windowSoftInputMode="adjustResize" >
46-->src/main/AndroidManifest.xml:31:13-55
47
48            <!--
49                 This keeps the window background of the activity showing
50                 until Flutter renders its first frame. It can be removed if
51                 there is no splash screen (such as the default splash screen
52                 defined in @style/LaunchTheme).
53            -->
54            <meta-data
54-->src/main/AndroidManifest.xml:36:13-38:35
55                android:name="io.flutter.app.android.SplashScreenUntilFirstFrame"
55-->src/main/AndroidManifest.xml:37:13-78
56                android:value="true" />
56-->src/main/AndroidManifest.xml:38:13-33
57
58            <intent-filter>
58-->src/main/AndroidManifest.xml:39:11-42:27
59                <action android:name="android.intent.action.MAIN" />
59-->src/main/AndroidManifest.xml:40:13-64
59-->src/main/AndroidManifest.xml:40:21-62
60
61                <category android:name="android.intent.category.LAUNCHER" />
61-->src/main/AndroidManifest.xml:41:13-72
61-->src/main/AndroidManifest.xml:41:23-70
62            </intent-filter>
63        </activity>
64
65        <service
65-->[:webview_flutter_x5] AndroidManifest.xml:14:9-17:41
66            android:name="com.tencent.smtt.export.external.DexClassLoaderProviderService"
66-->[:webview_flutter_x5] AndroidManifest.xml:15:13-90
67            android:label="dexopt"
67-->[:webview_flutter_x5] AndroidManifest.xml:16:13-35
68            android:process=":dexopt" />
68-->[:webview_flutter_x5] AndroidManifest.xml:17:13-38
69
70        <provider
70-->[:webview_flutter_x5] AndroidManifest.xml:19:9-28:20
71            android:name="androidx.core.content.FileProvider"
71-->[:webview_flutter_x5] AndroidManifest.xml:20:13-62
72            android:authorities="io.flutter.plugins.webviewflutterexample.fileprovider"
72-->[:webview_flutter_x5] AndroidManifest.xml:21:13-64
73            android:exported="false"
73-->[:webview_flutter_x5] AndroidManifest.xml:22:13-37
74            android:grantUriPermissions="true" >
74-->[:webview_flutter_x5] AndroidManifest.xml:23:13-47
75            <meta-data
75-->[:webview_flutter_x5] AndroidManifest.xml:25:13-27:53
76                android:name="android.support.FILE_PROVIDER_PATHS"
76-->[:webview_flutter_x5] AndroidManifest.xml:26:17-67
77                android:resource="@xml/filepaths" />
77-->[:webview_flutter_x5] AndroidManifest.xml:27:17-50
78        </provider>
79
80        <uses-library
80-->[androidx.window:window:1.0.0-beta04] AndroidManifest.xml:25:9-27:40
81            android:name="androidx.window.extensions"
81-->[androidx.window:window:1.0.0-beta04] AndroidManifest.xml:26:13-54
82            android:required="false" />
82-->[androidx.window:window:1.0.0-beta04] AndroidManifest.xml:27:13-37
83        <uses-library
83-->[androidx.window:window:1.0.0-beta04] AndroidManifest.xml:28:9-30:40
84            android:name="androidx.window.sidecar"
84-->[androidx.window:window:1.0.0-beta04] AndroidManifest.xml:29:13-51
85            android:required="false" />
85-->[androidx.window:window:1.0.0-beta04] AndroidManifest.xml:30:13-37
86    </application>
87
88</manifest>